# JRE version: Java(TM) SE Runtime Environment (8.0_60-b27) (build 1.8.0_60-b27)
# Java VM: Java HotSpot(TM) 64-Bit Server VM (25.60-b23 mixed mode bsd-amd64 compressed oops)
Heap:
 PSYoungGen      total 79360K, used 5381K [0x000000076ab00000, 0x0000000770400000, 0x00000007c0000000)
  eden space 71680K, 7% used [0x000000076ab00000,0x000000076b0114f0,0x000000076f100000)
  from space 7680K, 2% used [0x000000076fc80000,0x000000076fcb0000,0x0000000770400000)
  to   space 9728K, 0% used [0x000000076f100000,0x000000076f100000,0x000000076fa80000)
 ParOldGen       total 99840K, used 20112K [0x00000006c0000000, 0x00000006c6180000, 0x000000076ab00000)
  object space 99840K, 20% used [0x00000006c0000000,0x00000006c13a4000,0x00000006c6180000)
 Metaspace       used 23869K, capacity 24095K, committed 24320K, reserved 1071104K
  class space    used 2360K, capacity 2450K, committed 2560K, reserved 1048576K
GC Heap History (10 events):
Event: 607.354 GC heap before
{Heap before GC invocations=29 (full 1):
 PSYoungGen      total 79872K, used 79488K [0x000000076ab00000, 0x0000000771080000, 0x00000007c0000000)
  eden space 79360K, 100% used [0x000000076ab00000,0x000000076f880000,0x000000076f880000)
  from space 512K, 25% used [0x000000076fa00000,0x000000076fa20000,0x000000076fa80000)
  to   space 12288K, 0% used [0x0000000770480000,0x0000000770480000,0x0000000771080000)
 ParOldGen       total 99840K, used 20112K [0x00000006c0000000, 0x00000006c6180000, 0x000000076ab00000)
  object space 99840K, 20% used [0x00000006c0000000,0x00000006c13a4000,0x00000006c6180000)
 Metaspace       used 23831K, capacity 24095K, committed 24320K, reserved 1071104K
  class space    used 2352K, capacity 2450K, committed 2560K, reserved 1048576K
Event: 607.357 GC heap after
Heap after GC invocations=29 (full 1):
 PSYoungGen      total 87552K, used 256K [0x000000076ab00000, 0x0000000770e00000, 0x00000007c0000000)
  eden space 77824K, 0% used [0x000000076ab00000,0x000000076ab00000,0x000000076f700000)
  from space 9728K, 2% used [0x0000000770480000,0x00000007704c0000,0x0000000770e00000)
  to   space 11776K, 0% used [0x000000076f700000,0x000000076f700000,0x0000000770280000)
 ParOldGen       total 99840K, used 20112K [0x00000006c0000000, 0x00000006c6180000, 0x000000076ab00000)
  object space 99840K, 20% used [0x00000006c0000000,0x00000006c13a4000,0x00000006c6180000)
 Metaspace       used 23831K, capacity 24095K, committed 24320K, reserved 1071104K
  class space    used 2352K, capacity 2450K, committed 2560K, reserved 1048576K
}
Event: 638.126 GC heap before
{Heap before GC invocations=30 (full 1):
 PSYoungGen      total 87552K, used 78080K [0x000000076ab00000, 0x0000000770e00000, 0x00000007c0000000)
  eden space 77824K, 100% used [0x000000076ab00000,0x000000076f700000,0x000000076f700000)
  from space 9728K, 2% used [0x0000000770480000,0x00000007704c0000,0x0000000770e00000)
  to   space 11776K, 0% used [0x000000076f700000,0x000000076f700000,0x0000000770280000)
 ParOldGen       total 99840K, used 20112K [0x00000006c0000000, 0x00000006c6180000, 0x000000076ab00000)
  object space 99840K, 20% used [0x00000006c0000000,0x00000006c13a4000,0x00000006c6180000)
 Metaspace       used 23831K, capacity 24095K, committed 24320K, reserved 1071104K
  class space    used 2352K, capacity 2450K, committed 2560K, reserved 1048576K
Event: 638.138 GC heap after
Heap after GC invocations=30 (full 1):
 PSYoungGen      total 76800K, used 128K [0x000000076ab00000, 0x0000000770b80000, 0x00000007c0000000)
  eden space 76288K, 0% used [0x000000076ab00000,0x000000076ab00000,0x000000076f580000)
  from space 512K, 25% used [0x000000076f700000,0x000000076f720000,0x000000076f780000)
  to   space 11264K, 0% used [0x0000000770080000,0x0000000770080000,0x0000000770b80000)
 ParOldGen       total 99840K, used 20112K [0x00000006c0000000, 0x00000006c6180000, 0x000000076ab00000)
  object space 99840K, 20% used [0x00000006c0000000,0x00000006c13a4000,0x00000006c6180000)
 Metaspace       used 23831K, capacity 24095K, committed 24320K, reserved 1071104K
  class space    used 2352K, capacity 2450K, committed 2560K, reserved 1048576K
}
Event: 659.612 GC heap before
{Heap before GC invocations=31 (full 1):
 PSYoungGen      total 76800K, used 76416K [0x000000076ab00000, 0x0000000770b80000, 0x00000007c0000000)
  eden space 76288K, 100% used [0x000000076ab00000,0x000000076f580000,0x000000076f580000)
  from space 512K, 25% used [0x000000076f700000,0x000000076f720000,0x000000076f780000)
  to   space 11264K, 0% used [0x0000000770080000,0x0000000770080000,0x0000000770b80000)
 ParOldGen       total 99840K, used 20112K [0x00000006c0000000, 0x00000006c6180000, 0x000000076ab00000)
  object space 99840K, 20% used [0x00000006c0000000,0x00000006c13a4000,0x00000006c6180000)
 Metaspace       used 23831K, capacity 24095K, committed 24320K, reserved 1071104K
  class space    used 2352K, capacity 2450K, committed 2560K, reserved 1048576K
Event: 659.621 GC heap after
Heap after GC invocations=31 (full 1):
 PSYoungGen      total 83456K, used 256K [0x000000076ab00000, 0x0000000770900000, 0x00000007c0000000)
  eden space 74752K, 0% used [0x000000076ab00000,0x000000076ab00000,0x000000076f400000)
  from space 8704K, 2% used [0x0000000770080000,0x00000007700c0000,0x0000000770900000)
  to   space 10752K, 0% used [0x000000076f400000,0x000000076f400000,0x000000076fe80000)
 ParOldGen       total 99840K, used 20112K [0x00000006c0000000, 0x00000006c6180000, 0x000000076ab00000)
  object space 99840K, 20% used [0x00000006c0000000,0x00000006c13a4000,0x00000006c6180000)
 Metaspace       used 23831K, capacity 24095K, committed 24320K, reserved 1071104K
  class space    used 2352K, capacity 2450K, committed 2560K, reserved 1048576K
}
Event: 682.519 GC heap before
{Heap before GC invocations=32 (full 1):
 PSYoungGen      total 83456K, used 75008K [0x000000076ab00000, 0x0000000770900000, 0x00000007c0000000)
  eden space 74752K, 100% used [0x000000076ab00000,0x000000076f400000,0x000000076f400000)
  from space 8704K, 2% used [0x0000000770080000,0x00000007700c0000,0x0000000770900000)
  to   space 10752K, 0% used [0x000000076f400000,0x000000076f400000,0x000000076fe80000)
 ParOldGen       total 99840K, used 20112K [0x00000006c0000000, 0x00000006c6180000, 0x000000076ab00000)
  object space 99840K, 20% used [0x00000006c0000000,0x00000006c13a4000,0x00000006c6180000)
 Metaspace       used 23831K, capacity 24095K, committed 24320K, reserved 1071104K
  class space    used 2352K, capacity 2450K, committed 2560K, reserved 1048576K
Event: 682.520 GC heap after
Heap after GC invocations=32 (full 1):
 PSYoungGen      total 73728K, used 128K [0x000000076ab00000, 0x0000000770680000, 0x00000007c0000000)
  eden space 73216K, 0% used [0x000000076ab00000,0x000000076ab00000,0x000000076f280000)
  from space 512K, 25% used [0x000000076f400000,0x000000076f420000,0x000000076f480000)
  to   space 10240K, 0% used [0x000000076fc80000,0x000000076fc80000,0x0000000770680000)
 ParOldGen       total 99840K, used 20112K [0x00000006c0000000, 0x00000006c6180000, 0x000000076ab00000)
  object space 99840K, 20% used [0x00000006c0000000,0x00000006c13a4000,0x00000006c6180000)
 Metaspace       used 23831K, capacity 24095K, committed 24320K, reserved 1071104K
  class space    used 2352K, capacity 2450K, committed 2560K, reserved 1048576K
}
Event: 698.088 GC heap before
{Heap before GC invocations=33 (full 1):
 PSYoungGen      total 73728K, used 73344K [0x000000076ab00000, 0x0000000770680000, 0x00000007c0000000)
  eden space 73216K, 100% used [0x000000076ab00000,0x000000076f280000,0x000000076f280000)
  from space 512K, 25% used [0x000000076f400000,0x000000076f420000,0x000000076f480000)
  to   space 10240K, 0% used [0x000000076fc80000,0x000000076fc80000,0x0000000770680000)
 ParOldGen       total 99840K, used 20112K [0x00000006c0000000, 0x00000006c6180000, 0x000000076ab00000)
  object space 99840K, 20% used [0x00000006c0000000,0x00000006c13a4000,0x00000006c6180000)
 Metaspace       used 23833K, capacity 24095K, committed 24320K, reserved 1071104K
  class space    used 2352K, capacity 2450K, committed 2560K, reserved 1048576K
Event: 698.092 GC heap after
Heap after GC invocations=33 (full 1):
 PSYoungGen      total 79360K, used 192K [0x000000076ab00000, 0x0000000770400000, 0x00000007c0000000)
  eden space 71680K, 0% used [0x000000076ab00000,0x000000076ab00000,0x000000076f100000)
  from space 7680K, 2% used [0x000000076fc80000,0x000000076fcb0000,0x0000000770400000)
  to   space 9728K, 0% used [0x000000076f100000,0x000000076f100000,0x000000076fa80000)
 ParOldGen       total 99840K, used 20112K [0x00000006c0000000, 0x00000006c6180000, 0x000000076ab00000)
  object space 99840K, 20% used [0x00000006c0000000,0x00000006c13a4000,0x00000006c6180000)
 Metaspace       used 23833K, capacity 24095K, committed 24320K, reserved 1071104K
  class space    used 2352K, capacity 2450K, committed 2560K, reserved 1048576K
}

