# JRE version: Java(TM) SE Runtime Environment (8.0_60-b27) (build 1.8.0_60-b27)
# Java VM: Java HotSpot(TM) 64-Bit Server VM (25.60-b23 mixed mode bsd-amd64 compressed oops)
Heap:
 PSYoungGen      total 57856K, used 9149K [0x000000076ab00000, 0x000000076f300000, 0x00000007c0000000)
  eden space 45056K, 6% used [0x000000076ab00000,0x000000076adc74b8,0x000000076d700000)
  from space 12800K, 49% used [0x000000076e680000,0x000000076eca8170,0x000000076f300000)
  to   space 14336K, 0% used [0x000000076d700000,0x000000076d700000,0x000000076e500000)
 ParOldGen       total 90112K, used 50550K [0x00000006c0000000, 0x00000006c5800000, 0x000000076ab00000)
  object space 90112K, 56% used [0x00000006c0000000,0x00000006c315db18,0x00000006c5800000)
 Metaspace       used 21160K, capacity 21371K, committed 21552K, reserved 1069056K
  class space    used 2036K, capacity 2110K, committed 2176K, reserved 1048576K
GC Heap History (10 events):
Event: 103.176 GC heap before
{Heap before GC invocations=21 (full 1):
 PSYoungGen      total 54784K, used 54528K [0x000000076ab00000, 0x000000076fe00000, 0x00000007c0000000)
  eden space 48128K, 100% used [0x000000076ab00000,0x000000076da00000,0x000000076da00000)
  from space 6656K, 96% used [0x000000076db00000,0x000000076e140190,0x000000076e180000)
  to   space 18432K, 0% used [0x000000076ec00000,0x000000076ec00000,0x000000076fe00000)
 ParOldGen       total 90112K, used 50550K [0x00000006c0000000, 0x00000006c5800000, 0x000000076ab00000)
  object space 90112K, 56% used [0x00000006c0000000,0x00000006c315db18,0x00000006c5800000)
 Metaspace       used 21124K, capacity 21307K, committed 21552K, reserved 1069056K
  class space    used 2028K, capacity 2110K, committed 2176K, reserved 1048576K
Event: 103.178 GC heap after
Heap after GC invocations=21 (full 1):
 PSYoungGen      total 63488K, used 6272K [0x000000076ab00000, 0x000000076fc00000, 0x00000007c0000000)
  eden space 47104K, 0% used [0x000000076ab00000,0x000000076ab00000,0x000000076d900000)
  from space 16384K, 38% used [0x000000076ec00000,0x000000076f220170,0x000000076fc00000)
  to   space 17920K, 0% used [0x000000076d900000,0x000000076d900000,0x000000076ea80000)
 ParOldGen       total 90112K, used 50550K [0x00000006c0000000, 0x00000006c5800000, 0x000000076ab00000)
  object space 90112K, 56% used [0x00000006c0000000,0x00000006c315db18,0x00000006c5800000)
 Metaspace       used 21124K, capacity 21307K, committed 21552K, reserved 1069056K
  class space    used 2028K, capacity 2110K, committed 2176K, reserved 1048576K
}
Event: 108.610 GC heap before
{Heap before GC invocations=22 (full 1):
 PSYoungGen      total 63488K, used 53376K [0x000000076ab00000, 0x000000076fc00000, 0x00000007c0000000)
  eden space 47104K, 100% used [0x000000076ab00000,0x000000076d900000,0x000000076d900000)
  from space 16384K, 38% used [0x000000076ec00000,0x000000076f220170,0x000000076fc00000)
  to   space 17920K, 0% used [0x000000076d900000,0x000000076d900000,0x000000076ea80000)
 ParOldGen       total 90112K, used 50550K [0x00000006c0000000, 0x00000006c5800000, 0x000000076ab00000)
  object space 90112K, 56% used [0x00000006c0000000,0x00000006c315db18,0x00000006c5800000)
 Metaspace       used 21124K, capacity 21307K, committed 21552K, reserved 1069056K
  class space    used 2028K, capacity 2110K, committed 2176K, reserved 1048576K
Event: 108.613 GC heap after
Heap after GC invocations=22 (full 1):
 PSYoungGen      total 53248K, used 6272K [0x000000076ab00000, 0x000000076f980000, 0x00000007c0000000)
  eden space 46592K, 0% used [0x000000076ab00000,0x000000076ab00000,0x000000076d880000)
  from space 6656K, 94% used [0x000000076d900000,0x000000076df20170,0x000000076df80000)
  to   space 16896K, 0% used [0x000000076e900000,0x000000076e900000,0x000000076f980000)
 ParOldGen       total 90112K, used 50550K [0x00000006c0000000, 0x00000006c5800000, 0x000000076ab00000)
  object space 90112K, 56% used [0x00000006c0000000,0x00000006c315db18,0x00000006c5800000)
 Metaspace       used 21124K, capacity 21307K, committed 21552K, reserved 1069056K
  class space    used 2028K, capacity 2110K, committed 2176K, reserved 1048576K
}
Event: 114.345 GC heap before
{Heap before GC invocations=23 (full 1):
 PSYoungGen      total 53248K, used 52864K [0x000000076ab00000, 0x000000076f980000, 0x00000007c0000000)
  eden space 46592K, 100% used [0x000000076ab00000,0x000000076d880000,0x000000076d880000)
  from space 6656K, 94% used [0x000000076d900000,0x000000076df20170,0x000000076df80000)
  to   space 16896K, 0% used [0x000000076e900000,0x000000076e900000,0x000000076f980000)
 ParOldGen       total 90112K, used 50550K [0x00000006c0000000, 0x00000006c5800000, 0x000000076ab00000)
  object space 90112K, 56% used [0x00000006c0000000,0x00000006c315db18,0x00000006c5800000)
 Metaspace       used 21124K, capacity 21307K, committed 21552K, reserved 1069056K
  class space    used 2028K, capacity 2110K, committed 2176K, reserved 1048576K
Event: 114.348 GC heap after
Heap after GC invocations=23 (full 1):
 PSYoungGen      total 60416K, used 6272K [0x000000076ab00000, 0x000000076f700000, 0x00000007c0000000)
  eden space 46080K, 0% used [0x000000076ab00000,0x000000076ab00000,0x000000076d800000)
  from space 14336K, 43% used [0x000000076e900000,0x000000076ef20170,0x000000076f700000)
  to   space 15872K, 0% used [0x000000076d800000,0x000000076d800000,0x000000076e780000)
 ParOldGen       total 90112K, used 50550K [0x00000006c0000000, 0x00000006c5800000, 0x000000076ab00000)
  object space 90112K, 56% used [0x00000006c0000000,0x00000006c315db18,0x00000006c5800000)
 Metaspace       used 21124K, capacity 21307K, committed 21552K, reserved 1069056K
  class space    used 2028K, capacity 2110K, committed 2176K, reserved 1048576K
}
Event: 119.312 GC heap before
{Heap before GC invocations=24 (full 1):
 PSYoungGen      total 60416K, used 52352K [0x000000076ab00000, 0x000000076f700000, 0x00000007c0000000)
  eden space 46080K, 100% used [0x000000076ab00000,0x000000076d800000,0x000000076d800000)
  from space 14336K, 43% used [0x000000076e900000,0x000000076ef20170,0x000000076f700000)
  to   space 15872K, 0% used [0x000000076d800000,0x000000076d800000,0x000000076e780000)
 ParOldGen       total 90112K, used 50550K [0x00000006c0000000, 0x00000006c5800000, 0x000000076ab00000)
  object space 90112K, 56% used [0x00000006c0000000,0x00000006c315db18,0x00000006c5800000)
 Metaspace       used 21124K, capacity 21307K, committed 21552K, reserved 1069056K
  class space    used 2028K, capacity 2110K, committed 2176K, reserved 1048576K
Event: 119.315 GC heap after
Heap after GC invocations=24 (full 1):
 PSYoungGen      total 52224K, used 6272K [0x000000076ab00000, 0x000000076f580000, 0x00000007c0000000)
  eden space 45568K, 0% used [0x000000076ab00000,0x000000076ab00000,0x000000076d780000)
  from space 6656K, 94% used [0x000000076d800000,0x000000076de20170,0x000000076de80000)
  to   space 15360K, 0% used [0x000000076e680000,0x000000076e680000,0x000000076f580000)
 ParOldGen       total 90112K, used 50550K [0x00000006c0000000, 0x00000006c5800000, 0x000000076ab00000)
  object space 90112K, 56% used [0x00000006c0000000,0x00000006c315db18,0x00000006c5800000)
 Metaspace       used 21124K, capacity 21307K, committed 21552K, reserved 1069056K
  class space    used 2028K, capacity 2110K, committed 2176K, reserved 1048576K
}
Event: 124.413 GC heap before
{Heap before GC invocations=25 (full 1):
 PSYoungGen      total 52224K, used 51840K [0x000000076ab00000, 0x000000076f580000, 0x00000007c0000000)
  eden space 45568K, 100% used [0x000000076ab00000,0x000000076d780000,0x000000076d780000)
  from space 6656K, 94% used [0x000000076d800000,0x000000076de20170,0x000000076de80000)
  to   space 15360K, 0% used [0x000000076e680000,0x000000076e680000,0x000000076f580000)
 ParOldGen       total 90112K, used 50550K [0x00000006c0000000, 0x00000006c5800000, 0x000000076ab00000)
  object space 90112K, 56% used [0x00000006c0000000,0x00000006c315db18,0x00000006c5800000)
 Metaspace       used 21124K, capacity 21307K, committed 21552K, reserved 1069056K
  class space    used 2028K, capacity 2110K, committed 2176K, reserved 1048576K
Event: 124.415 GC heap after
Heap after GC invocations=25 (full 1):
 PSYoungGen      total 57856K, used 6304K [0x000000076ab00000, 0x000000076f300000, 0x00000007c0000000)
  eden space 45056K, 0% used [0x000000076ab00000,0x000000076ab00000,0x000000076d700000)
  from space 12800K, 49% used [0x000000076e680000,0x000000076eca8170,0x000000076f300000)
  to   space 14336K, 0% used [0x000000076d700000,0x000000076d700000,0x000000076e500000)
 ParOldGen       total 90112K, used 50550K [0x00000006c0000000, 0x00000006c5800000, 0x000000076ab00000)
  object space 90112K, 56% used [0x00000006c0000000,0x00000006c315db18,0x00000006c5800000)
 Metaspace       used 21124K, capacity 21307K, committed 21552K, reserved 1069056K
  class space    used 2028K, capacity 2110K, committed 2176K, reserved 1048576K
}

