# JRE version: Java(TM) SE Runtime Environment (8.0_60-b27) (build 1.8.0_60-b27)
# Java VM: Java HotSpot(TM) 64-Bit Server VM (25.60-b23 mixed mode bsd-amd64 compressed oops)
Heap:
 PSYoungGen      total 81408K, used 14470K [0x000000076ab00000, 0x0000000770c00000, 0x00000007c0000000)
  eden space 72704K, 8% used [0x000000076ab00000,0x000000076b0f8270,0x000000076f200000)
  from space 8704K, 96% used [0x000000076f400000,0x000000076fc295b0,0x000000076fc80000)
  to   space 13312K, 0% used [0x000000076ff00000,0x000000076ff00000,0x0000000770c00000)
 ParOldGen       total 126464K, used 15456K [0x00000006c0000000, 0x00000006c7b80000, 0x000000076ab00000)
  object space 126464K, 12% used [0x00000006c0000000,0x00000006c0f18130,0x00000006c7b80000)
 Metaspace       used 23857K, capacity 24145K, committed 24576K, reserved 1071104K
  class space    used 2356K, capacity 2449K, committed 2560K, reserved 1048576K
GC Heap History (10 events):
Event: 30.544 GC heap before
{Heap before GC invocations=6 (full 1):
 PSYoungGen      total 86016K, used 85829K [0x000000076ab00000, 0x0000000770b00000, 0x00000007c0000000)
  eden space 75264K, 100% used [0x000000076ab00000,0x000000076f480000,0x000000076f480000)
  from space 10752K, 98% used [0x0000000770080000,0x0000000770ad15e0,0x0000000770b00000)
  to   space 10752K, 0% used [0x000000076f600000,0x000000076f600000,0x0000000770080000)
 ParOldGen       total 126464K, used 13128K [0x00000006c0000000, 0x00000006c7b80000, 0x000000076ab00000)
  object space 126464K, 10% used [0x00000006c0000000,0x00000006c0cd22d8,0x00000006c7b80000)
 Metaspace       used 23806K, capacity 24081K, committed 24320K, reserved 1071104K
  class space    used 2347K, capacity 2449K, committed 2560K, reserved 1048576K
Event: 30.547 GC heap after
Heap after GC invocations=6 (full 1):
 PSYoungGen      total 87552K, used 10517K [0x000000076ab00000, 0x0000000771880000, 0x00000007c0000000)
  eden space 76800K, 0% used [0x000000076ab00000,0x000000076ab00000,0x000000076f600000)
  from space 10752K, 97% used [0x000000076f600000,0x00000007700455f0,0x0000000770080000)
  to   space 13824K, 0% used [0x0000000770b00000,0x0000000770b00000,0x0000000771880000)
 ParOldGen       total 126464K, used 13136K [0x00000006c0000000, 0x00000006c7b80000, 0x000000076ab00000)
  object space 126464K, 10% used [0x00000006c0000000,0x00000006c0cd42d8,0x00000006c7b80000)
 Metaspace       used 23806K, capacity 24081K, committed 24320K, reserved 1071104K
  class space    used 2347K, capacity 2449K, committed 2560K, reserved 1048576K
}
Event: 39.996 GC heap before
{Heap before GC invocations=7 (full 1):
 PSYoungGen      total 87552K, used 87317K [0x000000076ab00000, 0x0000000771880000, 0x00000007c0000000)
  eden space 76800K, 100% used [0x000000076ab00000,0x000000076f600000,0x000000076f600000)
  from space 10752K, 97% used [0x000000076f600000,0x00000007700455f0,0x0000000770080000)
  to   space 13824K, 0% used [0x0000000770b00000,0x0000000770b00000,0x0000000771880000)
 ParOldGen       total 126464K, used 13136K [0x00000006c0000000, 0x00000006c7b80000, 0x000000076ab00000)
  object space 126464K, 10% used [0x00000006c0000000,0x00000006c0cd42d8,0x00000006c7b80000)
 Metaspace       used 23806K, capacity 24081K, committed 24320K, reserved 1071104K
  class space    used 2347K, capacity 2449K, committed 2560K, reserved 1048576K
Event: 40.004 GC heap after
Heap after GC invocations=7 (full 1):
 PSYoungGen      total 86528K, used 10581K [0x000000076ab00000, 0x0000000771580000, 0x00000007c0000000)
  eden space 75776K, 0% used [0x000000076ab00000,0x000000076ab00000,0x000000076f500000)
  from space 10752K, 98% used [0x0000000770b00000,0x00000007715555f0,0x0000000771580000)
  to   space 13312K, 0% used [0x000000076fb80000,0x000000076fb80000,0x0000000770880000)
 ParOldGen       total 126464K, used 13144K [0x00000006c0000000, 0x00000006c7b80000, 0x000000076ab00000)
  object space 126464K, 10% used [0x00000006c0000000,0x00000006c0cd62d8,0x00000006c7b80000)
 Metaspace       used 23806K, capacity 24081K, committed 24320K, reserved 1071104K
  class space    used 2347K, capacity 2449K, committed 2560K, reserved 1048576K
}
Event: 49.316 GC heap before
{Heap before GC invocations=8 (full 1):
 PSYoungGen      total 86528K, used 86357K [0x000000076ab00000, 0x0000000771580000, 0x00000007c0000000)
  eden space 75776K, 100% used [0x000000076ab00000,0x000000076f500000,0x000000076f500000)
  from space 10752K, 98% used [0x0000000770b00000,0x00000007715555f0,0x0000000771580000)
  to   space 13312K, 0% used [0x000000076fb80000,0x000000076fb80000,0x0000000770880000)
 ParOldGen       total 126464K, used 13144K [0x00000006c0000000, 0x00000006c7b80000, 0x000000076ab00000)
  object space 126464K, 10% used [0x00000006c0000000,0x00000006c0cd62d8,0x00000006c7b80000)
 Metaspace       used 23807K, capacity 24081K, committed 24320K, reserved 1071104K
  class space    used 2348K, capacity 2449K, committed 2560K, reserved 1048576K
Event: 49.320 GC heap after
Heap after GC invocations=8 (full 1):
 PSYoungGen      total 85504K, used 10549K [0x000000076ab00000, 0x0000000770e00000, 0x00000007c0000000)
  eden space 74752K, 0% used [0x000000076ab00000,0x000000076ab00000,0x000000076f400000)
  from space 10752K, 98% used [0x000000076fb80000,0x00000007705cd5f0,0x0000000770600000)
  to   space 8192K, 0% used [0x0000000770600000,0x0000000770600000,0x0000000770e00000)
 ParOldGen       total 126464K, used 13144K [0x00000006c0000000, 0x00000006c7b80000, 0x000000076ab00000)
  object space 126464K, 10% used [0x00000006c0000000,0x00000006c0cd62d8,0x00000006c7b80000)
 Metaspace       used 23807K, capacity 24081K, committed 24320K, reserved 1071104K
  class space    used 2348K, capacity 2449K, committed 2560K, reserved 1048576K
}
Event: 58.512 GC heap before
{Heap before GC invocations=9 (full 1):
 PSYoungGen      total 85504K, used 85301K [0x000000076ab00000, 0x0000000770e00000, 0x00000007c0000000)
  eden space 74752K, 100% used [0x000000076ab00000,0x000000076f400000,0x000000076f400000)
  from space 10752K, 98% used [0x000000076fb80000,0x00000007705cd5f0,0x0000000770600000)
  to   space 8192K, 0% used [0x0000000770600000,0x0000000770600000,0x0000000770e00000)
 ParOldGen       total 126464K, used 13144K [0x00000006c0000000, 0x00000006c7b80000, 0x000000076ab00000)
  object space 126464K, 10% used [0x00000006c0000000,0x00000006c0cd62d8,0x00000006c7b80000)
 Metaspace       used 23807K, capacity 24081K, committed 24320K, reserved 1071104K
  class space    used 2348K, capacity 2449K, committed 2560K, reserved 1048576K
Event: 58.515 GC heap after
Heap after GC invocations=9 (full 1):
 PSYoungGen      total 81920K, used 8181K [0x000000076ab00000, 0x0000000770e00000, 0x00000007c0000000)
  eden space 73728K, 0% used [0x000000076ab00000,0x000000076ab00000,0x000000076f300000)
  from space 8192K, 99% used [0x0000000770600000,0x0000000770dfd5c0,0x0000000770e00000)
  to   space 13312K, 0% used [0x000000076f400000,0x000000076f400000,0x0000000770100000)
 ParOldGen       total 126464K, used 15448K [0x00000006c0000000, 0x00000006c7b80000, 0x000000076ab00000)
  object space 126464K, 12% used [0x00000006c0000000,0x00000006c0f16130,0x00000006c7b80000)
 Metaspace       used 23807K, capacity 24081K, committed 24320K, reserved 1071104K
  class space    used 2348K, capacity 2449K, committed 2560K, reserved 1048576K
}
Event: 67.747 GC heap before
{Heap before GC invocations=10 (full 1):
 PSYoungGen      total 81920K, used 81909K [0x000000076ab00000, 0x0000000770e00000, 0x00000007c0000000)
  eden space 73728K, 100% used [0x000000076ab00000,0x000000076f300000,0x000000076f300000)
  from space 8192K, 99% used [0x0000000770600000,0x0000000770dfd5c0,0x0000000770e00000)
  to   space 13312K, 0% used [0x000000076f400000,0x000000076f400000,0x0000000770100000)
 ParOldGen       total 126464K, used 15448K [0x00000006c0000000, 0x00000006c7b80000, 0x000000076ab00000)
  object space 126464K, 12% used [0x00000006c0000000,0x00000006c0f16130,0x00000006c7b80000)
 Metaspace       used 23821K, capacity 24081K, committed 24320K, reserved 1071104K
  class space    used 2348K, capacity 2449K, committed 2560K, reserved 1048576K
Event: 67.753 GC heap after
Heap after GC invocations=10 (full 1):
 PSYoungGen      total 81408K, used 8357K [0x000000076ab00000, 0x0000000770c00000, 0x00000007c0000000)
  eden space 72704K, 0% used [0x000000076ab00000,0x000000076ab00000,0x000000076f200000)
  from space 8704K, 96% used [0x000000076f400000,0x000000076fc295b0,0x000000076fc80000)
  to   space 13312K, 0% used [0x000000076ff00000,0x000000076ff00000,0x0000000770c00000)
 ParOldGen       total 126464K, used 15456K [0x00000006c0000000, 0x00000006c7b80000, 0x000000076ab00000)
  object space 126464K, 12% used [0x00000006c0000000,0x00000006c0f18130,0x00000006c7b80000)
 Metaspace       used 23821K, capacity 24081K, committed 24320K, reserved 1071104K
  class space    used 2348K, capacity 2449K, committed 2560K, reserved 1048576K
}

