# JRE version: Java(TM) SE Runtime Environment (8.0_60-b27) (build 1.8.0_60-b27)
# Java VM: Java HotSpot(TM) 64-Bit Server VM (25.60-b23 mixed mode bsd-amd64 compressed oops)
Heap:
 PSYoungGen      total 135680K, used 70293K [0x000000076ab00000, 0x0000000776380000, 0x00000007c0000000)
  eden space 85504K, 39% used [0x000000076ab00000,0x000000076cc62718,0x000000076fe80000)
  from space 50176K, 71% used [0x0000000770000000,0x0000000772342f80,0x0000000773100000)
  to   space 51712K, 0% used [0x0000000773100000,0x0000000773100000,0x0000000776380000)
 ParOldGen       total 111616K, used 56263K [0x00000006c0000000, 0x00000006c6d00000, 0x000000076ab00000)
  object space 111616K, 50% used [0x00000006c0000000,0x00000006c36f1d70,0x00000006c6d00000)
 Metaspace       used 24464K, capacity 24689K, committed 25088K, reserved 1071104K
  class space    used 2360K, capacity 2451K, committed 2560K, reserved 1048576K
GC Heap History (10 events):
Event: 93.016 GC heap before
{Heap before GC invocations=14 (full 1):
 PSYoungGen      total 137216K, used 125963K [0x000000076ab00000, 0x0000000775d00000, 0x00000007c0000000)
  eden space 95232K, 100% used [0x000000076ab00000,0x0000000770800000,0x0000000770800000)
  from space 41984K, 73% used [0x0000000773300000,0x0000000775102e50,0x0000000775c00000)
  to   space 43520K, 0% used [0x0000000770800000,0x0000000770800000,0x0000000773280000)
 ParOldGen       total 111616K, used 56239K [0x00000006c0000000, 0x00000006c6d00000, 0x000000076ab00000)
  object space 111616K, 50% used [0x00000006c0000000,0x00000006c36ebd70,0x00000006c6d00000)
 Metaspace       used 24405K, capacity 24657K, committed 24960K, reserved 1071104K
  class space    used 2350K, capacity 2419K, committed 2432K, reserved 1048576K
Event: 93.025 GC heap after
Heap after GC invocations=14 (full 1):
 PSYoungGen      total 125952K, used 32427K [0x000000076ab00000, 0x0000000775e00000, 0x00000007c0000000)
  eden space 93184K, 0% used [0x000000076ab00000,0x000000076ab00000,0x0000000770600000)
  from space 32768K, 98% used [0x0000000770800000,0x00000007727aaea0,0x0000000772800000)
  to   space 45056K, 0% used [0x0000000773200000,0x0000000773200000,0x0000000775e00000)
 ParOldGen       total 111616K, used 56247K [0x00000006c0000000, 0x00000006c6d00000, 0x000000076ab00000)
  object space 111616K, 50% used [0x00000006c0000000,0x00000006c36edd70,0x00000006c6d00000)
 Metaspace       used 24405K, capacity 24657K, committed 24960K, reserved 1071104K
  class space    used 2350K, capacity 2419K, committed 2432K, reserved 1048576K
}
Event: 103.984 GC heap before
{Heap before GC invocations=15 (full 1):
 PSYoungGen      total 125952K, used 125611K [0x000000076ab00000, 0x0000000775e00000, 0x00000007c0000000)
  eden space 93184K, 100% used [0x000000076ab00000,0x0000000770600000,0x0000000770600000)
  from space 32768K, 98% used [0x0000000770800000,0x00000007727aaea0,0x0000000772800000)
  to   space 45056K, 0% used [0x0000000773200000,0x0000000773200000,0x0000000775e00000)
 ParOldGen       total 111616K, used 56247K [0x00000006c0000000, 0x00000006c6d00000, 0x000000076ab00000)
  object space 111616K, 50% used [0x00000006c0000000,0x00000006c36edd70,0x00000006c6d00000)
 Metaspace       used 24405K, capacity 24657K, committed 24960K, reserved 1071104K
  class space    used 2350K, capacity 2419K, committed 2432K, reserved 1048576K
Event: 103.992 GC heap after
Heap after GC invocations=15 (full 1):
 PSYoungGen      total 136192K, used 33963K [0x000000076ab00000, 0x0000000776000000, 0x00000007c0000000)
  eden space 91136K, 0% used [0x000000076ab00000,0x000000076ab00000,0x0000000770400000)
  from space 45056K, 75% used [0x0000000773200000,0x000000077532aee0,0x0000000775e00000)
  to   space 47104K, 0% used [0x0000000770400000,0x0000000770400000,0x0000000773200000)
 ParOldGen       total 111616K, used 56247K [0x00000006c0000000, 0x00000006c6d00000, 0x000000076ab00000)
  object space 111616K, 50% used [0x00000006c0000000,0x00000006c36edd70,0x00000006c6d00000)
 Metaspace       used 24405K, capacity 24657K, committed 24960K, reserved 1071104K
  class space    used 2350K, capacity 2419K, committed 2432K, reserved 1048576K
}
Event: 115.444 GC heap before
{Heap before GC invocations=16 (full 1):
 PSYoungGen      total 136192K, used 125099K [0x000000076ab00000, 0x0000000776000000, 0x00000007c0000000)
  eden space 91136K, 100% used [0x000000076ab00000,0x0000000770400000,0x0000000770400000)
  from space 45056K, 75% used [0x0000000773200000,0x000000077532aee0,0x0000000775e00000)
  to   space 47104K, 0% used [0x0000000770400000,0x0000000770400000,0x0000000773200000)
 ParOldGen       total 111616K, used 56247K [0x00000006c0000000, 0x00000006c6d00000, 0x000000076ab00000)
  object space 111616K, 50% used [0x00000006c0000000,0x00000006c36edd70,0x00000006c6d00000)
 Metaspace       used 24405K, capacity 24657K, committed 24960K, reserved 1071104K
  class space    used 2350K, capacity 2419K, committed 2432K, reserved 1048576K
Event: 115.449 GC heap after
Heap after GC invocations=16 (full 1):
 PSYoungGen      total 123392K, used 34235K [0x000000076ab00000, 0x0000000776100000, 0x00000007c0000000)
  eden space 89088K, 0% used [0x000000076ab00000,0x000000076ab00000,0x0000000770200000)
  from space 34304K, 99% used [0x0000000770400000,0x000000077256ef00,0x0000000772580000)
  to   space 48640K, 0% used [0x0000000773180000,0x0000000773180000,0x0000000776100000)
 ParOldGen       total 111616K, used 56255K [0x00000006c0000000, 0x00000006c6d00000, 0x000000076ab00000)
  object space 111616K, 50% used [0x00000006c0000000,0x00000006c36efd70,0x00000006c6d00000)
 Metaspace       used 24405K, capacity 24657K, committed 24960K, reserved 1071104K
  class space    used 2350K, capacity 2419K, committed 2432K, reserved 1048576K
}
Event: 126.555 GC heap before
{Heap before GC invocations=17 (full 1):
 PSYoungGen      total 123392K, used 123323K [0x000000076ab00000, 0x0000000776100000, 0x00000007c0000000)
  eden space 89088K, 100% used [0x000000076ab00000,0x0000000770200000,0x0000000770200000)
  from space 34304K, 99% used [0x0000000770400000,0x000000077256ef00,0x0000000772580000)
  to   space 48640K, 0% used [0x0000000773180000,0x0000000773180000,0x0000000776100000)
 ParOldGen       total 111616K, used 56255K [0x00000006c0000000, 0x00000006c6d00000, 0x000000076ab00000)
  object space 111616K, 50% used [0x00000006c0000000,0x00000006c36efd70,0x00000006c6d00000)
 Metaspace       used 24414K, capacity 24657K, committed 24960K, reserved 1071104K
  class space    used 2350K, capacity 2419K, committed 2432K, reserved 1048576K
Event: 126.565 GC heap after
Heap after GC invocations=17 (full 1):
 PSYoungGen      total 135680K, used 35947K [0x000000076ab00000, 0x0000000776200000, 0x00000007c0000000)
  eden space 87040K, 0% used [0x000000076ab00000,0x000000076ab00000,0x0000000770000000)
  from space 48640K, 73% used [0x0000000773180000,0x000000077549af90,0x0000000776100000)
  to   space 50176K, 0% used [0x0000000770000000,0x0000000770000000,0x0000000773100000)
 ParOldGen       total 111616K, used 56263K [0x00000006c0000000, 0x00000006c6d00000, 0x000000076ab00000)
  object space 111616K, 50% used [0x00000006c0000000,0x00000006c36f1d70,0x00000006c6d00000)
 Metaspace       used 24414K, capacity 24657K, committed 24960K, reserved 1071104K
  class space    used 2350K, capacity 2419K, committed 2432K, reserved 1048576K
}
Event: 138.390 GC heap before
{Heap before GC invocations=18 (full 1):
 PSYoungGen      total 135680K, used 122987K [0x000000076ab00000, 0x0000000776200000, 0x00000007c0000000)
  eden space 87040K, 100% used [0x000000076ab00000,0x0000000770000000,0x0000000770000000)
  from space 48640K, 73% used [0x0000000773180000,0x000000077549af90,0x0000000776100000)
  to   space 50176K, 0% used [0x0000000770000000,0x0000000770000000,0x0000000773100000)
 ParOldGen       total 111616K, used 56263K [0x00000006c0000000, 0x00000006c6d00000, 0x000000076ab00000)
  object space 111616K, 50% used [0x00000006c0000000,0x00000006c36f1d70,0x00000006c6d00000)
 Metaspace       used 24427K, capacity 24689K, committed 25088K, reserved 1071104K
  class space    used 2352K, capacity 2451K, committed 2560K, reserved 1048576K
Event: 138.399 GC heap after
Heap after GC invocations=18 (full 1):
 PSYoungGen      total 135680K, used 36107K [0x000000076ab00000, 0x0000000776380000, 0x00000007c0000000)
  eden space 85504K, 0% used [0x000000076ab00000,0x000000076ab00000,0x000000076fe80000)
  from space 50176K, 71% used [0x0000000770000000,0x0000000772342f80,0x0000000773100000)
  to   space 51712K, 0% used [0x0000000773100000,0x0000000773100000,0x0000000776380000)
 ParOldGen       total 111616K, used 56263K [0x00000006c0000000, 0x00000006c6d00000, 0x000000076ab00000)
  object space 111616K, 50% used [0x00000006c0000000,0x00000006c36f1d70,0x00000006c6d00000)
 Metaspace       used 24427K, capacity 24689K, committed 25088K, reserved 1071104K
  class space    used 2352K, capacity 2451K, committed 2560K, reserved 1048576K
}

