# JRE version: Java(TM) SE Runtime Environment (8.0_60-b27) (build 1.8.0_60-b27)
# Java VM: Java HotSpot(TM) 64-Bit Server VM (25.60-b23 mixed mode bsd-amd64 compressed oops)
Heap:
 PSYoungGen      total 76288K, used 56541K [0x000000076ab00000, 0x0000000772600000, 0x00000007c0000000)
  eden space 65536K, 69% used [0x000000076ab00000,0x000000076d7b8b90,0x000000076eb00000)
  from space 10752K, 99% used [0x000000076eb00000,0x000000076f57e8e0,0x000000076f580000)
  to   space 10752K, 0% used [0x0000000771b80000,0x0000000771b80000,0x0000000772600000)
 ParOldGen       total 95744K, used 9402K [0x00000006c0000000, 0x00000006c5d80000, 0x000000076ab00000)
  object space 95744K, 9% used [0x00000006c0000000,0x00000006c092e9d8,0x00000006c5d80000)
 Metaspace       used 24088K, capacity 24353K, committed 24576K, reserved 1071104K
  class space    used 2360K, capacity 2451K, committed 2560K, reserved 1048576K
GC Heap History (8 events):
Event: 3.082 GC heap before
{Heap before GC invocations=1 (full 0):
 PSYoungGen      total 76288K, used 65536K [0x000000076ab00000, 0x0000000770000000, 0x00000007c0000000)
  eden space 65536K, 100% used [0x000000076ab00000,0x000000076eb00000,0x000000076eb00000)
  from space 10752K, 0% used [0x000000076f580000,0x000000076f580000,0x0000000770000000)
  to   space 10752K, 0% used [0x000000076eb00000,0x000000076eb00000,0x000000076f580000)
 ParOldGen       total 175104K, used 0K [0x00000006c0000000, 0x00000006cab00000, 0x000000076ab00000)
  object space 175104K, 0% used [0x00000006c0000000,0x00000006c0000000,0x00000006cab00000)
 Metaspace       used 19951K, capacity 20215K, committed 20352K, reserved 1067008K
  class space    used 2049K, capacity 2123K, committed 2176K, reserved 1048576K
Event: 3.091 GC heap after
Heap after GC invocations=1 (full 0):
 PSYoungGen      total 76288K, used 9546K [0x000000076ab00000, 0x0000000770000000, 0x00000007c0000000)
  eden space 65536K, 0% used [0x000000076ab00000,0x000000076ab00000,0x000000076eb00000)
  from space 10752K, 88% used [0x000000076eb00000,0x000000076f452800,0x000000076f580000)
  to   space 10752K, 0% used [0x000000076f580000,0x000000076f580000,0x0000000770000000)
 ParOldGen       total 175104K, used 16K [0x00000006c0000000, 0x00000006cab00000, 0x000000076ab00000)
  object space 175104K, 0% used [0x00000006c0000000,0x00000006c0004000,0x00000006cab00000)
 Metaspace       used 19951K, capacity 20215K, committed 20352K, reserved 1067008K
  class space    used 2049K, capacity 2123K, committed 2176K, reserved 1048576K
}
Event: 3.261 GC heap before
{Heap before GC invocations=2 (full 0):
 PSYoungGen      total 76288K, used 19977K [0x000000076ab00000, 0x0000000770000000, 0x00000007c0000000)
  eden space 65536K, 15% used [0x000000076ab00000,0x000000076b52fc60,0x000000076eb00000)
  from space 10752K, 88% used [0x000000076eb00000,0x000000076f452800,0x000000076f580000)
  to   space 10752K, 0% used [0x000000076f580000,0x000000076f580000,0x0000000770000000)
 ParOldGen       total 175104K, used 16K [0x00000006c0000000, 0x00000006cab00000, 0x000000076ab00000)
  object space 175104K, 0% used [0x00000006c0000000,0x00000006c0004000,0x00000006cab00000)
 Metaspace       used 20875K, capacity 21137K, committed 21248K, reserved 1069056K
  class space    used 2146K, capacity 2257K, committed 2304K, reserved 1048576K
Event: 3.268 GC heap after
Heap after GC invocations=2 (full 0):
 PSYoungGen      total 76288K, used 8662K [0x000000076ab00000, 0x0000000774000000, 0x00000007c0000000)
  eden space 65536K, 0% used [0x000000076ab00000,0x000000076ab00000,0x000000076eb00000)
  from space 10752K, 80% used [0x000000076f580000,0x000000076fdf5ac0,0x0000000770000000)
  to   space 10752K, 0% used [0x000000076eb00000,0x000000076eb00000,0x000000076f580000)
 ParOldGen       total 175104K, used 24K [0x00000006c0000000, 0x00000006cab00000, 0x000000076ab00000)
  object space 175104K, 0% used [0x00000006c0000000,0x00000006c0006000,0x00000006cab00000)
 Metaspace       used 20875K, capacity 21137K, committed 21248K, reserved 1069056K
  class space    used 2146K, capacity 2257K, committed 2304K, reserved 1048576K
}
Event: 3.268 GC heap before
{Heap before GC invocations=3 (full 1):
 PSYoungGen      total 76288K, used 8662K [0x000000076ab00000, 0x0000000774000000, 0x00000007c0000000)
  eden space 65536K, 0% used [0x000000076ab00000,0x000000076ab00000,0x000000076eb00000)
  from space 10752K, 80% used [0x000000076f580000,0x000000076fdf5ac0,0x0000000770000000)
  to   space 10752K, 0% used [0x000000076eb00000,0x000000076eb00000,0x000000076f580000)
 ParOldGen       total 175104K, used 24K [0x00000006c0000000, 0x00000006cab00000, 0x000000076ab00000)
  object space 175104K, 0% used [0x00000006c0000000,0x00000006c0006000,0x00000006cab00000)
 Metaspace       used 20875K, capacity 21137K, committed 21248K, reserved 1069056K
  class space    used 2146K, capacity 2257K, committed 2304K, reserved 1048576K
Event: 3.299 GC heap after
Heap after GC invocations=3 (full 1):
 PSYoungGen      total 76288K, used 0K [0x000000076ab00000, 0x0000000774000000, 0x00000007c0000000)
  eden space 65536K, 0% used [0x000000076ab00000,0x000000076ab00000,0x000000076eb00000)
  from space 10752K, 0% used [0x000000076f580000,0x000000076f580000,0x0000000770000000)
  to   space 10752K, 0% used [0x000000076eb00000,0x000000076eb00000,0x000000076f580000)
 ParOldGen       total 95744K, used 8359K [0x00000006c0000000, 0x00000006c5d80000, 0x000000076ab00000)
  object space 95744K, 8% used [0x00000006c0000000,0x00000006c0829f90,0x00000006c5d80000)
 Metaspace       used 20875K, capacity 21137K, committed 21248K, reserved 1069056K
  class space    used 2146K, capacity 2257K, committed 2304K, reserved 1048576K
}
Event: 8.601 GC heap before
{Heap before GC invocations=4 (full 1):
 PSYoungGen      total 76288K, used 65536K [0x000000076ab00000, 0x0000000774000000, 0x00000007c0000000)
  eden space 65536K, 100% used [0x000000076ab00000,0x000000076eb00000,0x000000076eb00000)
  from space 10752K, 0% used [0x000000076f580000,0x000000076f580000,0x0000000770000000)
  to   space 10752K, 0% used [0x000000076eb00000,0x000000076eb00000,0x000000076f580000)
 ParOldGen       total 95744K, used 8359K [0x00000006c0000000, 0x00000006c5d80000, 0x000000076ab00000)
  object space 95744K, 8% used [0x00000006c0000000,0x00000006c0829f90,0x00000006c5d80000)
 Metaspace       used 23757K, capacity 24033K, committed 24320K, reserved 1071104K
  class space    used 2352K, capacity 2451K, committed 2560K, reserved 1048576K
Event: 8.605 GC heap after
Heap after GC invocations=4 (full 1):
 PSYoungGen      total 76288K, used 10746K [0x000000076ab00000, 0x0000000772600000, 0x00000007c0000000)
  eden space 65536K, 0% used [0x000000076ab00000,0x000000076ab00000,0x000000076eb00000)
  from space 10752K, 99% used [0x000000076eb00000,0x000000076f57e8e0,0x000000076f580000)
  to   space 10752K, 0% used [0x0000000771b80000,0x0000000771b80000,0x0000000772600000)
 ParOldGen       total 95744K, used 9402K [0x00000006c0000000, 0x00000006c5d80000, 0x000000076ab00000)
  object space 95744K, 9% used [0x00000006c0000000,0x00000006c092e9d8,0x00000006c5d80000)
 Metaspace       used 23757K, capacity 24033K, committed 24320K, reserved 1071104K
  class space    used 2352K, capacity 2451K, committed 2560K, reserved 1048576K
}

