# JRE version: Java(TM) SE Runtime Environment (8.0_60-b27) (build 1.8.0_60-b27)
# Java VM: Java HotSpot(TM) 64-Bit Server VM (25.60-b23 mixed mode bsd-amd64 compressed oops)
Heap:
 PSYoungGen      total 37376K, used 16805K [0x000000076ab00000, 0x000000076d380000, 0x00000007c0000000)
  eden space 36864K, 45% used [0x000000076ab00000,0x000000076bb394e0,0x000000076cf00000)
  from space 512K, 37% used [0x000000076d280000,0x000000076d2b0000,0x000000076d300000)
  to   space 512K, 0% used [0x000000076d300000,0x000000076d300000,0x000000076d380000)
 ParOldGen       total 105984K, used 19970K [0x00000006c0000000, 0x00000006c6780000, 0x000000076ab00000)
  object space 105984K, 18% used [0x00000006c0000000,0x00000006c1380bb8,0x00000006c6780000)
 Metaspace       used 23891K, capacity 24165K, committed 24576K, reserved 1071104K
  class space    used 2360K, capacity 2451K, committed 2560K, reserved 1048576K
GC Heap History (10 events):
Event: 2268.246 GC heap before
{Heap before GC invocations=246 (full 1):
 PSYoungGen      total 37376K, used 36992K [0x000000076ab00000, 0x000000076d380000, 0x00000007c0000000)
  eden space 36864K, 100% used [0x000000076ab00000,0x000000076cf00000,0x000000076cf00000)
  from space 512K, 25% used [0x000000076d300000,0x000000076d320000,0x000000076d380000)
  to   space 512K, 0% used [0x000000076d280000,0x000000076d280000,0x000000076d300000)
 ParOldGen       total 105984K, used 19970K [0x00000006c0000000, 0x00000006c6780000, 0x000000076ab00000)
  object space 105984K, 18% used [0x00000006c0000000,0x00000006c1380bb8,0x00000006c6780000)
 Metaspace       used 23847K, capacity 24095K, committed 24320K, reserved 1071104K
  class space    used 2352K, capacity 2450K, committed 2560K, reserved 1048576K
Event: 2268.248 GC heap after
Heap after GC invocations=246 (full 1):
 PSYoungGen      total 37376K, used 192K [0x000000076ab00000, 0x000000076d380000, 0x00000007c0000000)
  eden space 36864K, 0% used [0x000000076ab00000,0x000000076ab00000,0x000000076cf00000)
  from space 512K, 37% used [0x000000076d280000,0x000000076d2b0000,0x000000076d300000)
  to   space 512K, 0% used [0x000000076d300000,0x000000076d300000,0x000000076d380000)
 ParOldGen       total 105984K, used 19970K [0x00000006c0000000, 0x00000006c6780000, 0x000000076ab00000)
  object space 105984K, 18% used [0x00000006c0000000,0x00000006c1380bb8,0x00000006c6780000)
 Metaspace       used 23847K, capacity 24095K, committed 24320K, reserved 1071104K
  class space    used 2352K, capacity 2450K, committed 2560K, reserved 1048576K
}
Event: 2276.281 GC heap before
{Heap before GC invocations=247 (full 1):
 PSYoungGen      total 37376K, used 37056K [0x000000076ab00000, 0x000000076d380000, 0x00000007c0000000)
  eden space 36864K, 100% used [0x000000076ab00000,0x000000076cf00000,0x000000076cf00000)
  from space 512K, 37% used [0x000000076d280000,0x000000076d2b0000,0x000000076d300000)
  to   space 512K, 0% used [0x000000076d300000,0x000000076d300000,0x000000076d380000)
 ParOldGen       total 105984K, used 19970K [0x00000006c0000000, 0x00000006c6780000, 0x000000076ab00000)
  object space 105984K, 18% used [0x00000006c0000000,0x00000006c1380bb8,0x00000006c6780000)
 Metaspace       used 23847K, capacity 24095K, committed 24320K, reserved 1071104K
  class space    used 2352K, capacity 2450K, committed 2560K, reserved 1048576K
Event: 2276.283 GC heap after
Heap after GC invocations=247 (full 1):
 PSYoungGen      total 37376K, used 128K [0x000000076ab00000, 0x000000076d380000, 0x00000007c0000000)
  eden space 36864K, 0% used [0x000000076ab00000,0x000000076ab00000,0x000000076cf00000)
  from space 512K, 25% used [0x000000076d300000,0x000000076d320000,0x000000076d380000)
  to   space 512K, 0% used [0x000000076d280000,0x000000076d280000,0x000000076d300000)
 ParOldGen       total 105984K, used 19970K [0x00000006c0000000, 0x00000006c6780000, 0x000000076ab00000)
  object space 105984K, 18% used [0x00000006c0000000,0x00000006c1380bb8,0x00000006c6780000)
 Metaspace       used 23847K, capacity 24095K, committed 24320K, reserved 1071104K
  class space    used 2352K, capacity 2450K, committed 2560K, reserved 1048576K
}
Event: 2284.316 GC heap before
{Heap before GC invocations=248 (full 1):
 PSYoungGen      total 37376K, used 36992K [0x000000076ab00000, 0x000000076d380000, 0x00000007c0000000)
  eden space 36864K, 100% used [0x000000076ab00000,0x000000076cf00000,0x000000076cf00000)
  from space 512K, 25% used [0x000000076d300000,0x000000076d320000,0x000000076d380000)
  to   space 512K, 0% used [0x000000076d280000,0x000000076d280000,0x000000076d300000)
 ParOldGen       total 105984K, used 19970K [0x00000006c0000000, 0x00000006c6780000, 0x000000076ab00000)
  object space 105984K, 18% used [0x00000006c0000000,0x00000006c1380bb8,0x00000006c6780000)
 Metaspace       used 23847K, capacity 24095K, committed 24320K, reserved 1071104K
  class space    used 2352K, capacity 2450K, committed 2560K, reserved 1048576K
Event: 2284.319 GC heap after
Heap after GC invocations=248 (full 1):
 PSYoungGen      total 37376K, used 128K [0x000000076ab00000, 0x000000076d380000, 0x00000007c0000000)
  eden space 36864K, 0% used [0x000000076ab00000,0x000000076ab00000,0x000000076cf00000)
  from space 512K, 25% used [0x000000076d280000,0x000000076d2a0000,0x000000076d300000)
  to   space 512K, 0% used [0x000000076d300000,0x000000076d300000,0x000000076d380000)
 ParOldGen       total 105984K, used 19970K [0x00000006c0000000, 0x00000006c6780000, 0x000000076ab00000)
  object space 105984K, 18% used [0x00000006c0000000,0x00000006c1380bb8,0x00000006c6780000)
 Metaspace       used 23847K, capacity 24095K, committed 24320K, reserved 1071104K
  class space    used 2352K, capacity 2450K, committed 2560K, reserved 1048576K
}
Event: 2292.367 GC heap before
{Heap before GC invocations=249 (full 1):
 PSYoungGen      total 37376K, used 36992K [0x000000076ab00000, 0x000000076d380000, 0x00000007c0000000)
  eden space 36864K, 100% used [0x000000076ab00000,0x000000076cf00000,0x000000076cf00000)
  from space 512K, 25% used [0x000000076d280000,0x000000076d2a0000,0x000000076d300000)
  to   space 512K, 0% used [0x000000076d300000,0x000000076d300000,0x000000076d380000)
 ParOldGen       total 105984K, used 19970K [0x00000006c0000000, 0x00000006c6780000, 0x000000076ab00000)
  object space 105984K, 18% used [0x00000006c0000000,0x00000006c1380bb8,0x00000006c6780000)
 Metaspace       used 23847K, capacity 24095K, committed 24320K, reserved 1071104K
  class space    used 2352K, capacity 2450K, committed 2560K, reserved 1048576K
Event: 2292.369 GC heap after
Heap after GC invocations=249 (full 1):
 PSYoungGen      total 37376K, used 160K [0x000000076ab00000, 0x000000076d380000, 0x00000007c0000000)
  eden space 36864K, 0% used [0x000000076ab00000,0x000000076ab00000,0x000000076cf00000)
  from space 512K, 31% used [0x000000076d300000,0x000000076d328000,0x000000076d380000)
  to   space 512K, 0% used [0x000000076d280000,0x000000076d280000,0x000000076d300000)
 ParOldGen       total 105984K, used 19970K [0x00000006c0000000, 0x00000006c6780000, 0x000000076ab00000)
  object space 105984K, 18% used [0x00000006c0000000,0x00000006c1380bb8,0x00000006c6780000)
 Metaspace       used 23847K, capacity 24095K, committed 24320K, reserved 1071104K
  class space    used 2352K, capacity 2450K, committed 2560K, reserved 1048576K
}
Event: 2300.569 GC heap before
{Heap before GC invocations=250 (full 1):
 PSYoungGen      total 37376K, used 37024K [0x000000076ab00000, 0x000000076d380000, 0x00000007c0000000)
  eden space 36864K, 100% used [0x000000076ab00000,0x000000076cf00000,0x000000076cf00000)
  from space 512K, 31% used [0x000000076d300000,0x000000076d328000,0x000000076d380000)
  to   space 512K, 0% used [0x000000076d280000,0x000000076d280000,0x000000076d300000)
 ParOldGen       total 105984K, used 19970K [0x00000006c0000000, 0x00000006c6780000, 0x000000076ab00000)
  object space 105984K, 18% used [0x00000006c0000000,0x00000006c1380bb8,0x00000006c6780000)
 Metaspace       used 23847K, capacity 24095K, committed 24320K, reserved 1071104K
  class space    used 2352K, capacity 2450K, committed 2560K, reserved 1048576K
Event: 2300.571 GC heap after
Heap after GC invocations=250 (full 1):
 PSYoungGen      total 37376K, used 192K [0x000000076ab00000, 0x000000076d380000, 0x00000007c0000000)
  eden space 36864K, 0% used [0x000000076ab00000,0x000000076ab00000,0x000000076cf00000)
  from space 512K, 37% used [0x000000076d280000,0x000000076d2b0000,0x000000076d300000)
  to   space 512K, 0% used [0x000000076d300000,0x000000076d300000,0x000000076d380000)
 ParOldGen       total 105984K, used 19970K [0x00000006c0000000, 0x00000006c6780000, 0x000000076ab00000)
  object space 105984K, 18% used [0x00000006c0000000,0x00000006c1380bb8,0x00000006c6780000)
 Metaspace       used 23847K, capacity 24095K, committed 24320K, reserved 1071104K
  class space    used 2352K, capacity 2450K, committed 2560K, reserved 1048576K
}

