# JRE version: Java(TM) SE Runtime Environment (8.0_60-b27) (build 1.8.0_60-b27)
# Java VM: Java HotSpot(TM) 64-Bit Server VM (25.60-b23 mixed mode bsd-amd64 compressed oops)
Heap:
 PSYoungGen      total 49664K, used 16442K [0x000000076ab00000, 0x000000076de80000, 0x00000007c0000000)
  eden space 47616K, 34% used [0x000000076ab00000,0x000000076bad69f8,0x000000076d980000)
  from space 2048K, 10% used [0x000000076dc80000,0x000000076dcb8000,0x000000076de80000)
  to   space 2560K, 0% used [0x000000076d980000,0x000000076d980000,0x000000076dc00000)
 ParOldGen       total 102400K, used 20128K [0x00000006c0000000, 0x00000006c6400000, 0x000000076ab00000)
  object space 102400K, 19% used [0x00000006c0000000,0x00000006c13a8370,0x00000006c6400000)
 Metaspace       used 23895K, capacity 24165K, committed 24576K, reserved 1071104K
  class space    used 2361K, capacity 2451K, committed 2560K, reserved 1048576K
GC Heap History (10 events):
Event: 717.335 GC heap before
{Heap before GC invocations=47 (full 1):
 PSYoungGen      total 50688K, used 50368K [0x000000076ab00000, 0x000000076e300000, 0x00000007c0000000)
  eden space 50176K, 100% used [0x000000076ab00000,0x000000076dc00000,0x000000076dc00000)
  from space 512K, 37% used [0x000000076dc80000,0x000000076dcb0000,0x000000076dd00000)
  to   space 3584K, 0% used [0x000000076df80000,0x000000076df80000,0x000000076e300000)
 ParOldGen       total 102400K, used 20128K [0x00000006c0000000, 0x00000006c6400000, 0x000000076ab00000)
  object space 102400K, 19% used [0x00000006c0000000,0x00000006c13a8370,0x00000006c6400000)
 Metaspace       used 23844K, capacity 24095K, committed 24320K, reserved 1071104K
  class space    used 2352K, capacity 2450K, committed 2560K, reserved 1048576K
Event: 717.344 GC heap after
Heap after GC invocations=47 (full 1):
 PSYoungGen      total 52736K, used 192K [0x000000076ab00000, 0x000000076e280000, 0x00000007c0000000)
  eden space 49664K, 0% used [0x000000076ab00000,0x000000076ab00000,0x000000076db80000)
  from space 3072K, 6% used [0x000000076df80000,0x000000076dfb0000,0x000000076e280000)
  to   space 3584K, 0% used [0x000000076db80000,0x000000076db80000,0x000000076df00000)
 ParOldGen       total 102400K, used 20128K [0x00000006c0000000, 0x00000006c6400000, 0x000000076ab00000)
  object space 102400K, 19% used [0x00000006c0000000,0x00000006c13a8370,0x00000006c6400000)
 Metaspace       used 23844K, capacity 24095K, committed 24320K, reserved 1071104K
  class space    used 2352K, capacity 2450K, committed 2560K, reserved 1048576K
}
Event: 728.964 GC heap before
{Heap before GC invocations=48 (full 1):
 PSYoungGen      total 52736K, used 49856K [0x000000076ab00000, 0x000000076e280000, 0x00000007c0000000)
  eden space 49664K, 100% used [0x000000076ab00000,0x000000076db80000,0x000000076db80000)
  from space 3072K, 6% used [0x000000076df80000,0x000000076dfb0000,0x000000076e280000)
  to   space 3584K, 0% used [0x000000076db80000,0x000000076db80000,0x000000076df00000)
 ParOldGen       total 102400K, used 20128K [0x00000006c0000000, 0x00000006c6400000, 0x000000076ab00000)
  object space 102400K, 19% used [0x00000006c0000000,0x00000006c13a8370,0x00000006c6400000)
 Metaspace       used 23844K, capacity 24095K, committed 24320K, reserved 1071104K
  class space    used 2352K, capacity 2450K, committed 2560K, reserved 1048576K
Event: 728.968 GC heap after
Heap after GC invocations=48 (full 1):
 PSYoungGen      total 49664K, used 128K [0x000000076ab00000, 0x000000076e100000, 0x00000007c0000000)
  eden space 49152K, 0% used [0x000000076ab00000,0x000000076ab00000,0x000000076db00000)
  from space 512K, 25% used [0x000000076db80000,0x000000076dba0000,0x000000076dc00000)
  to   space 3072K, 0% used [0x000000076de00000,0x000000076de00000,0x000000076e100000)
 ParOldGen       total 102400K, used 20128K [0x00000006c0000000, 0x00000006c6400000, 0x000000076ab00000)
  object space 102400K, 19% used [0x00000006c0000000,0x00000006c13a8370,0x00000006c6400000)
 Metaspace       used 23844K, capacity 24095K, committed 24320K, reserved 1071104K
  class space    used 2352K, capacity 2450K, committed 2560K, reserved 1048576K
}
Event: 743.499 GC heap before
{Heap before GC invocations=49 (full 1):
 PSYoungGen      total 49664K, used 49280K [0x000000076ab00000, 0x000000076e100000, 0x00000007c0000000)
  eden space 49152K, 100% used [0x000000076ab00000,0x000000076db00000,0x000000076db00000)
  from space 512K, 25% used [0x000000076db80000,0x000000076dba0000,0x000000076dc00000)
  to   space 3072K, 0% used [0x000000076de00000,0x000000076de00000,0x000000076e100000)
 ParOldGen       total 102400K, used 20128K [0x00000006c0000000, 0x00000006c6400000, 0x000000076ab00000)
  object space 102400K, 19% used [0x00000006c0000000,0x00000006c13a8370,0x00000006c6400000)
 Metaspace       used 23844K, capacity 24095K, committed 24320K, reserved 1071104K
  class space    used 2352K, capacity 2450K, committed 2560K, reserved 1048576K
Event: 743.505 GC heap after
Heap after GC invocations=49 (full 1):
 PSYoungGen      total 51200K, used 256K [0x000000076ab00000, 0x000000076e080000, 0x00000007c0000000)
  eden space 48640K, 0% used [0x000000076ab00000,0x000000076ab00000,0x000000076da80000)
  from space 2560K, 10% used [0x000000076de00000,0x000000076de40000,0x000000076e080000)
  to   space 3072K, 0% used [0x000000076da80000,0x000000076da80000,0x000000076dd80000)
 ParOldGen       total 102400K, used 20128K [0x00000006c0000000, 0x00000006c6400000, 0x000000076ab00000)
  object space 102400K, 19% used [0x00000006c0000000,0x00000006c13a8370,0x00000006c6400000)
 Metaspace       used 23844K, capacity 24095K, committed 24320K, reserved 1071104K
  class space    used 2352K, capacity 2450K, committed 2560K, reserved 1048576K
}
Event: 760.525 GC heap before
{Heap before GC invocations=50 (full 1):
 PSYoungGen      total 51200K, used 48896K [0x000000076ab00000, 0x000000076e080000, 0x00000007c0000000)
  eden space 48640K, 100% used [0x000000076ab00000,0x000000076da80000,0x000000076da80000)
  from space 2560K, 10% used [0x000000076de00000,0x000000076de40000,0x000000076e080000)
  to   space 3072K, 0% used [0x000000076da80000,0x000000076da80000,0x000000076dd80000)
 ParOldGen       total 102400K, used 20128K [0x00000006c0000000, 0x00000006c6400000, 0x000000076ab00000)
  object space 102400K, 19% used [0x00000006c0000000,0x00000006c13a8370,0x00000006c6400000)
 Metaspace       used 23844K, capacity 24095K, committed 24320K, reserved 1071104K
  class space    used 2352K, capacity 2450K, committed 2560K, reserved 1048576K
Event: 760.526 GC heap after
Heap after GC invocations=50 (full 1):
 PSYoungGen      total 48640K, used 160K [0x000000076ab00000, 0x000000076df00000, 0x00000007c0000000)
  eden space 48128K, 0% used [0x000000076ab00000,0x000000076ab00000,0x000000076da00000)
  from space 512K, 31% used [0x000000076da80000,0x000000076daa8000,0x000000076db00000)
  to   space 2560K, 0% used [0x000000076dc80000,0x000000076dc80000,0x000000076df00000)
 ParOldGen       total 102400K, used 20128K [0x00000006c0000000, 0x00000006c6400000, 0x000000076ab00000)
  object space 102400K, 19% used [0x00000006c0000000,0x00000006c13a8370,0x00000006c6400000)
 Metaspace       used 23844K, capacity 24095K, committed 24320K, reserved 1071104K
  class space    used 2352K, capacity 2450K, committed 2560K, reserved 1048576K
}
Event: 770.822 GC heap before
{Heap before GC invocations=51 (full 1):
 PSYoungGen      total 48640K, used 48288K [0x000000076ab00000, 0x000000076df00000, 0x00000007c0000000)
  eden space 48128K, 100% used [0x000000076ab00000,0x000000076da00000,0x000000076da00000)
  from space 512K, 31% used [0x000000076da80000,0x000000076daa8000,0x000000076db00000)
  to   space 2560K, 0% used [0x000000076dc80000,0x000000076dc80000,0x000000076df00000)
 ParOldGen       total 102400K, used 20128K [0x00000006c0000000, 0x00000006c6400000, 0x000000076ab00000)
  object space 102400K, 19% used [0x00000006c0000000,0x00000006c13a8370,0x00000006c6400000)
 Metaspace       used 23844K, capacity 24095K, committed 24320K, reserved 1071104K
  class space    used 2352K, capacity 2450K, committed 2560K, reserved 1048576K
Event: 770.824 GC heap after
Heap after GC invocations=51 (full 1):
 PSYoungGen      total 49664K, used 224K [0x000000076ab00000, 0x000000076de80000, 0x00000007c0000000)
  eden space 47616K, 0% used [0x000000076ab00000,0x000000076ab00000,0x000000076d980000)
  from space 2048K, 10% used [0x000000076dc80000,0x000000076dcb8000,0x000000076de80000)
  to   space 2560K, 0% used [0x000000076d980000,0x000000076d980000,0x000000076dc00000)
 ParOldGen       total 102400K, used 20128K [0x00000006c0000000, 0x00000006c6400000, 0x000000076ab00000)
  object space 102400K, 19% used [0x00000006c0000000,0x00000006c13a8370,0x00000006c6400000)
 Metaspace       used 23844K, capacity 24095K, committed 24320K, reserved 1071104K
  class space    used 2352K, capacity 2450K, committed 2560K, reserved 1048576K
}

