# JRE version: Java(TM) SE Runtime Environment (8.0_60-b27) (build 1.8.0_60-b27)
# Java VM: Java HotSpot(TM) 64-Bit Server VM (25.60-b23 mixed mode bsd-amd64 compressed oops)
Heap:
 PSYoungGen      total 46592K, used 29363K [0x000000076ab00000, 0x000000076e080000, 0x00000007c0000000)
  eden space 40448K, 58% used [0x000000076ab00000,0x000000076c248ae8,0x000000076d280000)
  from space 6144K, 89% used [0x000000076d300000,0x000000076d864170,0x000000076d900000)
  to   space 7168K, 0% used [0x000000076d980000,0x000000076d980000,0x000000076e080000)
 ParOldGen       total 175104K, used 16455K [0x00000006c0000000, 0x00000006cab00000, 0x000000076ab00000)
  object space 175104K, 9% used [0x00000006c0000000,0x00000006c1011f98,0x00000006cab00000)
 Metaspace       used 19367K, capacity 19643K, committed 19968K, reserved 1067008K
  class space    used 1884K, capacity 1982K, committed 2048K, reserved 1048576K
GC Heap History (10 events):
Event: 622.678 GC heap before
{Heap before GC invocations=31 (full 0):
 PSYoungGen      total 49664K, used 43168K [0x000000076ab00000, 0x000000076e400000, 0x00000007c0000000)
  eden space 43008K, 100% used [0x000000076ab00000,0x000000076d500000,0x000000076d500000)
  from space 6656K, 2% used [0x000000076dd80000,0x000000076dda8000,0x000000076e400000)
  to   space 7680K, 0% used [0x000000076d500000,0x000000076d500000,0x000000076dc80000)
 ParOldGen       total 175104K, used 16367K [0x00000006c0000000, 0x00000006cab00000, 0x000000076ab00000)
  object space 175104K, 9% used [0x00000006c0000000,0x00000006c0ffbf98,0x00000006cab00000)
 Metaspace       used 19222K, capacity 19419K, committed 19712K, reserved 1067008K
  class space    used 1875K, capacity 1950K, committed 2048K, reserved 1048576K
Event: 622.680 GC heap after
Heap after GC invocations=31 (full 0):
 PSYoungGen      total 43008K, used 192K [0x000000076ab00000, 0x000000076e280000, 0x00000007c0000000)
  eden space 42496K, 0% used [0x000000076ab00000,0x000000076ab00000,0x000000076d480000)
  from space 512K, 37% used [0x000000076d500000,0x000000076d530000,0x000000076d580000)
  to   space 7168K, 0% used [0x000000076db80000,0x000000076db80000,0x000000076e280000)
 ParOldGen       total 175104K, used 16367K [0x00000006c0000000, 0x00000006cab00000, 0x000000076ab00000)
  object space 175104K, 9% used [0x00000006c0000000,0x00000006c0ffbf98,0x00000006cab00000)
 Metaspace       used 19222K, capacity 19419K, committed 19712K, reserved 1067008K
  class space    used 1875K, capacity 1950K, committed 2048K, reserved 1048576K
}
Event: 639.016 GC heap before
{Heap before GC invocations=32 (full 0):
 PSYoungGen      total 43008K, used 42688K [0x000000076ab00000, 0x000000076e280000, 0x00000007c0000000)
  eden space 42496K, 100% used [0x000000076ab00000,0x000000076d480000,0x000000076d480000)
  from space 512K, 37% used [0x000000076d500000,0x000000076d530000,0x000000076d580000)
  to   space 7168K, 0% used [0x000000076db80000,0x000000076db80000,0x000000076e280000)
 ParOldGen       total 175104K, used 16367K [0x00000006c0000000, 0x00000006cab00000, 0x000000076ab00000)
  object space 175104K, 9% used [0x00000006c0000000,0x00000006c0ffbf98,0x00000006cab00000)
 Metaspace       used 19222K, capacity 19419K, committed 19712K, reserved 1067008K
  class space    used 1875K, capacity 1950K, committed 2048K, reserved 1048576K
Event: 639.017 GC heap after
Heap after GC invocations=32 (full 0):
 PSYoungGen      total 47616K, used 128K [0x000000076ab00000, 0x000000076e100000, 0x00000007c0000000)
  eden space 41984K, 0% used [0x000000076ab00000,0x000000076ab00000,0x000000076d400000)
  from space 5632K, 2% used [0x000000076db80000,0x000000076dba0000,0x000000076e100000)
  to   space 6656K, 0% used [0x000000076d400000,0x000000076d400000,0x000000076da80000)
 ParOldGen       total 175104K, used 16391K [0x00000006c0000000, 0x00000006cab00000, 0x000000076ab00000)
  object space 175104K, 9% used [0x00000006c0000000,0x00000006c1001f98,0x00000006cab00000)
 Metaspace       used 19222K, capacity 19419K, committed 19712K, reserved 1067008K
  class space    used 1875K, capacity 1950K, committed 2048K, reserved 1048576K
}
Event: 658.519 GC heap before
{Heap before GC invocations=33 (full 0):
 PSYoungGen      total 47616K, used 42112K [0x000000076ab00000, 0x000000076e100000, 0x00000007c0000000)
  eden space 41984K, 100% used [0x000000076ab00000,0x000000076d400000,0x000000076d400000)
  from space 5632K, 2% used [0x000000076db80000,0x000000076dba0000,0x000000076e100000)
  to   space 6656K, 0% used [0x000000076d400000,0x000000076d400000,0x000000076da80000)
 ParOldGen       total 175104K, used 16391K [0x00000006c0000000, 0x00000006cab00000, 0x000000076ab00000)
  object space 175104K, 9% used [0x00000006c0000000,0x00000006c1001f98,0x00000006cab00000)
 Metaspace       used 19222K, capacity 19419K, committed 19712K, reserved 1067008K
  class space    used 1875K, capacity 1950K, committed 2048K, reserved 1048576K
Event: 658.522 GC heap after
Heap after GC invocations=33 (full 0):
 PSYoungGen      total 41984K, used 224K [0x000000076ab00000, 0x000000076df80000, 0x00000007c0000000)
  eden space 41472K, 0% used [0x000000076ab00000,0x000000076ab00000,0x000000076d380000)
  from space 512K, 43% used [0x000000076d400000,0x000000076d438000,0x000000076d480000)
  to   space 6144K, 0% used [0x000000076d980000,0x000000076d980000,0x000000076df80000)
 ParOldGen       total 175104K, used 16391K [0x00000006c0000000, 0x00000006cab00000, 0x000000076ab00000)
  object space 175104K, 9% used [0x00000006c0000000,0x00000006c1001f98,0x00000006cab00000)
 Metaspace       used 19222K, capacity 19419K, committed 19712K, reserved 1067008K
  class space    used 1875K, capacity 1950K, committed 2048K, reserved 1048576K
}
Event: 674.340 GC heap before
{Heap before GC invocations=34 (full 0):
 PSYoungGen      total 41984K, used 41696K [0x000000076ab00000, 0x000000076df80000, 0x00000007c0000000)
  eden space 41472K, 100% used [0x000000076ab00000,0x000000076d380000,0x000000076d380000)
  from space 512K, 43% used [0x000000076d400000,0x000000076d438000,0x000000076d480000)
  to   space 6144K, 0% used [0x000000076d980000,0x000000076d980000,0x000000076df80000)
 ParOldGen       total 175104K, used 16391K [0x00000006c0000000, 0x00000006cab00000, 0x000000076ab00000)
  object space 175104K, 9% used [0x00000006c0000000,0x00000006c1001f98,0x00000006cab00000)
 Metaspace       used 19290K, capacity 19483K, committed 19712K, reserved 1067008K
  class space    used 1876K, capacity 1950K, committed 2048K, reserved 1048576K
Event: 674.342 GC heap after
Heap after GC invocations=34 (full 0):
 PSYoungGen      total 46592K, used 192K [0x000000076ab00000, 0x000000076df00000, 0x00000007c0000000)
  eden space 40960K, 0% used [0x000000076ab00000,0x000000076ab00000,0x000000076d300000)
  from space 5632K, 3% used [0x000000076d980000,0x000000076d9b0000,0x000000076df00000)
  to   space 6144K, 0% used [0x000000076d300000,0x000000076d300000,0x000000076d900000)
 ParOldGen       total 175104K, used 16415K [0x00000006c0000000, 0x00000006cab00000, 0x000000076ab00000)
  object space 175104K, 9% used [0x00000006c0000000,0x00000006c1007f98,0x00000006cab00000)
 Metaspace       used 19290K, capacity 19483K, committed 19712K, reserved 1067008K
  class space    used 1876K, capacity 1950K, committed 2048K, reserved 1048576K
}
Event: 679.473 GC heap before
{Heap before GC invocations=35 (full 0):
 PSYoungGen      total 46592K, used 41152K [0x000000076ab00000, 0x000000076df00000, 0x00000007c0000000)
  eden space 40960K, 100% used [0x000000076ab00000,0x000000076d300000,0x000000076d300000)
  from space 5632K, 3% used [0x000000076d980000,0x000000076d9b0000,0x000000076df00000)
  to   space 6144K, 0% used [0x000000076d300000,0x000000076d300000,0x000000076d900000)
 ParOldGen       total 175104K, used 16415K [0x00000006c0000000, 0x00000006cab00000, 0x000000076ab00000)
  object space 175104K, 9% used [0x00000006c0000000,0x00000006c1007f98,0x00000006cab00000)
 Metaspace       used 19317K, capacity 19483K, committed 19712K, reserved 1067008K
  class space    used 1876K, capacity 1950K, committed 2048K, reserved 1048576K
Event: 679.477 GC heap after
Heap after GC invocations=35 (full 0):
 PSYoungGen      total 46592K, used 5520K [0x000000076ab00000, 0x000000076e080000, 0x00000007c0000000)
  eden space 40448K, 0% used [0x000000076ab00000,0x000000076ab00000,0x000000076d280000)
  from space 6144K, 89% used [0x000000076d300000,0x000000076d864170,0x000000076d900000)
  to   space 7168K, 0% used [0x000000076d980000,0x000000076d980000,0x000000076e080000)
 ParOldGen       total 175104K, used 16455K [0x00000006c0000000, 0x00000006cab00000, 0x000000076ab00000)
  object space 175104K, 9% used [0x00000006c0000000,0x00000006c1011f98,0x00000006cab00000)
 Metaspace       used 19317K, capacity 19483K, committed 19712K, reserved 1067008K
  class space    used 1876K, capacity 1950K, committed 2048K, reserved 1048576K
}

